{"D:\\Code\\cryptosv\\src\\utilities\\getTransactions.ts": {"path":"D:\\Code\\cryptosv\\src\\utilities\\getTransactions.ts","statementMap":{"0":{"start":{"line":1,"column":0},"end":{"line":1,"column":27}},"1":{"start":{"line":2,"column":0},"end":{"line":2,"column":23}},"2":{"start":{"line":4,"column":26},"end":{"line":13,"column":null}},"3":{"start":{"line":17,"column":19},"end":{"line":17,"column":31}},"4":{"start":{"line":18,"column":18},"end":{"line":18,"column":48}},"5":{"start":{"line":19,"column":23},"end":{"line":19,"column":55}},"6":{"start":{"line":20,"column":2},"end":{"line":20,"column":null}},"7":{"start":{"line":16,"column":0},"end":{"line":16,"column":22}}},"fnMap":{"0":{"name":"getTransactions","decl":{"start":{"line":16,"column":22},"end":{"line":16,"column":37}},"loc":{"start":{"line":16,"column":37},"end":{"line":21,"column":null}}}},"branchMap":{},"s":{"0":1,"1":1,"2":1,"3":1,"4":1,"5":1,"6":1,"7":1},"f":{"0":1},"b":{}}
}
